<?xml version="1.0" encoding="UTF-8"?>
<testsuite xmlns:xsi="http://www.w3.org/2001/XMLSchema-instance" xsi:noNamespaceSchemaLocation="https://maven.apache.org/surefire/maven-surefire-plugin/xsd/surefire-test-report-3.0.xsd" version="3.0" name="TestSuite" time="39.898" tests="13" errors="0" skipped="0" failures="0">
  <properties>
    <property name="sun.desktop" value="windows"/>
    <property name="awt.toolkit" value="sun.awt.windows.WToolkit"/>
    <property name="java.specification.version" value="11"/>
    <property name="sun.cpu.isalist" value="amd64"/>
    <property name="sun.jnu.encoding" value="Cp1252"/>
    <property name="java.class.path" value="C:\Users\GOPIKISHORE\Desktop\project\work\RestAssuredAPITesting\target\test-classes;C:\Users\GOPIKISHORE\Desktop\project\work\RestAssuredAPITesting\target\classes;C:\Users\GOPIKISHORE\.m2\repository\org\testng\testng\7.8.0\testng-7.8.0.jar;C:\Users\GOPIKISHORE\.m2\repository\org\slf4j\slf4j-api\1.7.36\slf4j-api-1.7.36.jar;C:\Users\GOPIKISHORE\.m2\repository\com\beust\jcommander\1.82\jcommander-1.82.jar;C:\Users\GOPIKISHORE\.m2\repository\org\webjars\jquery\3.6.1\jquery-3.6.1.jar;C:\Users\GOPIKISHORE\.m2\repository\io\rest-assured\rest-assured\5.3.0\rest-assured-5.3.0.jar;C:\Users\GOPIKISHORE\.m2\repository\org\apache\groovy\groovy\4.0.6\groovy-4.0.6.jar;C:\Users\GOPIKISHORE\.m2\repository\org\apache\groovy\groovy-xml\4.0.6\groovy-xml-4.0.6.jar;C:\Users\GOPIKISHORE\.m2\repository\org\apache\httpcomponents\httpclient\4.5.13\httpclient-4.5.13.jar;C:\Users\GOPIKISHORE\.m2\repository\org\apache\httpcomponents\httpcore\4.4.13\httpcore-4.4.13.jar;C:\Users\GOPIKISHORE\.m2\repository\commons-logging\commons-logging\1.2\commons-logging-1.2.jar;C:\Users\GOPIKISHORE\.m2\repository\org\apache\httpcomponents\httpmime\4.5.13\httpmime-4.5.13.jar;C:\Users\GOPIKISHORE\.m2\repository\org\hamcrest\hamcrest\2.1\hamcrest-2.1.jar;C:\Users\GOPIKISHORE\.m2\repository\org\ccil\cowan\tagsoup\tagsoup\1.2.1\tagsoup-1.2.1.jar;C:\Users\GOPIKISHORE\.m2\repository\io\rest-assured\json-path\5.3.0\json-path-5.3.0.jar;C:\Users\GOPIKISHORE\.m2\repository\org\apache\groovy\groovy-json\4.0.6\groovy-json-4.0.6.jar;C:\Users\GOPIKISHORE\.m2\repository\io\rest-assured\rest-assured-common\5.3.0\rest-assured-common-5.3.0.jar;C:\Users\GOPIKISHORE\.m2\repository\io\rest-assured\xml-path\5.3.0\xml-path-5.3.0.jar;C:\Users\GOPIKISHORE\.m2\repository\com\github\scribejava\scribejava-apis\8.3.1\scribejava-apis-8.3.1.jar;C:\Users\GOPIKISHORE\.m2\repository\com\github\scribejava\scribejava-core\8.3.1\scribejava-core-8.3.1.jar;C:\Users\GOPIKISHORE\.m2\repository\com\github\scribejava\scribejava-java8\8.3.1\scribejava-java8-8.3.1.jar;C:\Users\GOPIKISHORE\.m2\repository\com\fasterxml\jackson\core\jackson-databind\2.12.3\jackson-databind-2.12.3.jar;C:\Users\GOPIKISHORE\.m2\repository\com\fasterxml\jackson\core\jackson-annotations\2.12.3\jackson-annotations-2.12.3.jar;C:\Users\GOPIKISHORE\.m2\repository\com\fasterxml\jackson\core\jackson-core\2.12.3\jackson-core-2.12.3.jar;C:\Users\GOPIKISHORE\.m2\repository\com\github\fge\json-schema-validator\2.2.6\json-schema-validator-2.2.6.jar;C:\Users\GOPIKISHORE\.m2\repository\com\google\code\findbugs\jsr305\3.0.0\jsr305-3.0.0.jar;C:\Users\GOPIKISHORE\.m2\repository\joda-time\joda-time\2.3\joda-time-2.3.jar;C:\Users\GOPIKISHORE\.m2\repository\com\googlecode\libphonenumber\libphonenumber\6.2\libphonenumber-6.2.jar;C:\Users\GOPIKISHORE\.m2\repository\com\github\fge\json-schema-core\1.2.5\json-schema-core-1.2.5.jar;C:\Users\GOPIKISHORE\.m2\repository\com\github\fge\uri-template\0.9\uri-template-0.9.jar;C:\Users\GOPIKISHORE\.m2\repository\com\github\fge\msg-simple\1.1\msg-simple-1.1.jar;C:\Users\GOPIKISHORE\.m2\repository\com\github\fge\btf\1.2\btf-1.2.jar;C:\Users\GOPIKISHORE\.m2\repository\com\google\guava\guava\16.0.1\guava-16.0.1.jar;C:\Users\GOPIKISHORE\.m2\repository\com\github\fge\jackson-coreutils\1.8\jackson-coreutils-1.8.jar;C:\Users\GOPIKISHORE\.m2\repository\org\mozilla\rhino\1.7R4\rhino-1.7R4.jar;C:\Users\GOPIKISHORE\.m2\repository\javax\mail\mailapi\1.4.3\mailapi-1.4.3.jar;C:\Users\GOPIKISHORE\.m2\repository\javax\activation\activation\1.1\activation-1.1.jar;C:\Users\GOPIKISHORE\.m2\repository\net\sf\jopt-simple\jopt-simple\4.6\jopt-simple-4.6.jar;C:\Users\GOPIKISHORE\.m2\repository\org\apache\logging\log4j\log4j-core\2.17.2\log4j-core-2.17.2.jar;C:\Users\GOPIKISHORE\.m2\repository\org\apache\logging\log4j\log4j-api\2.17.2\log4j-api-2.17.2.jar;C:\Users\GOPIKISHORE\.m2\repository\com\aventstack\extentreports\5.0.9\extentreports-5.0.9.jar;C:\Users\GOPIKISHORE\.m2\repository\io\reactivex\rxjava3\rxjava\3.0.4\rxjava-3.0.4.jar;C:\Users\GOPIKISHORE\.m2\repository\org\reactivestreams\reactive-streams\1.0.3\reactive-streams-1.0.3.jar;C:\Users\GOPIKISHORE\.m2\repository\org\freemarker\freemarker\2.3.30\freemarker-2.3.30.jar;C:\Users\GOPIKISHORE\.m2\repository\org\projectlombok\lombok\1.18.12\lombok-1.18.12.jar;C:\Users\GOPIKISHORE\.m2\repository\com\google\code\gson\gson\2.8.6\gson-2.8.6.jar;C:\Users\GOPIKISHORE\.m2\repository\org\apache\poi\poi\5.2.3\poi-5.2.3.jar;C:\Users\GOPIKISHORE\.m2\repository\commons-codec\commons-codec\1.15\commons-codec-1.15.jar;C:\Users\GOPIKISHORE\.m2\repository\org\apache\commons\commons-collections4\4.4\commons-collections4-4.4.jar;C:\Users\GOPIKISHORE\.m2\repository\org\apache\commons\commons-math3\3.6.1\commons-math3-3.6.1.jar;C:\Users\GOPIKISHORE\.m2\repository\commons-io\commons-io\2.11.0\commons-io-2.11.0.jar;C:\Users\GOPIKISHORE\.m2\repository\com\zaxxer\SparseBitSet\1.2\SparseBitSet-1.2.jar;C:\Users\GOPIKISHORE\.m2\repository\org\apache\poi\poi-ooxml\5.2.3\poi-ooxml-5.2.3.jar;C:\Users\GOPIKISHORE\.m2\repository\org\apache\poi\poi-ooxml-lite\5.2.3\poi-ooxml-lite-5.2.3.jar;C:\Users\GOPIKISHORE\.m2\repository\org\apache\xmlbeans\xmlbeans\5.1.1\xmlbeans-5.1.1.jar;C:\Users\GOPIKISHORE\.m2\repository\org\apache\commons\commons-compress\1.21\commons-compress-1.21.jar;C:\Users\GOPIKISHORE\.m2\repository\com\github\virtuald\curvesapi\1.07\curvesapi-1.07.jar;C:\Users\GOPIKISHORE\.m2\repository\com\github\javafaker\javafaker\1.0.2\javafaker-1.0.2.jar;C:\Users\GOPIKISHORE\.m2\repository\org\apache\commons\commons-lang3\3.5\commons-lang3-3.5.jar;C:\Users\GOPIKISHORE\.m2\repository\org\yaml\snakeyaml\1.23\snakeyaml-1.23-android.jar;C:\Users\GOPIKISHORE\.m2\repository\com\github\mifmif\generex\1.0.2\generex-1.0.2.jar;C:\Users\GOPIKISHORE\.m2\repository\dk\brics\automaton\automaton\1.11-8\automaton-1.11-8.jar;"/>
    <property name="java.vm.vendor" value="Oracle Corporation"/>
    <property name="sun.arch.data.model" value="64"/>
    <property name="user.variant" value=""/>
    <property name="java.vendor.url" value="https://openjdk.java.net/"/>
    <property name="user.timezone" value="Asia/Calcutta"/>
    <property name="java.vm.specification.version" value="11"/>
    <property name="os.name" value="Windows 10"/>
    <property name="sun.java.launcher" value="SUN_STANDARD"/>
    <property name="user.country" value="IN"/>
    <property name="sun.boot.library.path" value="C:\Program Files\Java\jdk-11.0.19_windows-x64_bin\jdk-11.0.19\bin"/>
    <property name="sun.java.command" value="C:\Users\GOPIKISHORE\AppData\Local\Temp\surefire7090661725432035526\surefirebooter2612066660585934813.jar C:\Users\GOPIKISHORE\AppData\Local\Temp\surefire7090661725432035526 2023-11-05T10-35-57_263-jvmRun1 surefire9297170813998466558tmp surefire_05014797535761241048tmp"/>
    <property name="jdk.debug" value="release"/>
    <property name="surefire.test.class.path" value="C:\Users\GOPIKISHORE\Desktop\project\work\RestAssuredAPITesting\target\test-classes;C:\Users\GOPIKISHORE\Desktop\project\work\RestAssuredAPITesting\target\classes;C:\Users\GOPIKISHORE\.m2\repository\org\testng\testng\7.8.0\testng-7.8.0.jar;C:\Users\GOPIKISHORE\.m2\repository\org\slf4j\slf4j-api\1.7.36\slf4j-api-1.7.36.jar;C:\Users\GOPIKISHORE\.m2\repository\com\beust\jcommander\1.82\jcommander-1.82.jar;C:\Users\GOPIKISHORE\.m2\repository\org\webjars\jquery\3.6.1\jquery-3.6.1.jar;C:\Users\GOPIKISHORE\.m2\repository\io\rest-assured\rest-assured\5.3.0\rest-assured-5.3.0.jar;C:\Users\GOPIKISHORE\.m2\repository\org\apache\groovy\groovy\4.0.6\groovy-4.0.6.jar;C:\Users\GOPIKISHORE\.m2\repository\org\apache\groovy\groovy-xml\4.0.6\groovy-xml-4.0.6.jar;C:\Users\GOPIKISHORE\.m2\repository\org\apache\httpcomponents\httpclient\4.5.13\httpclient-4.5.13.jar;C:\Users\GOPIKISHORE\.m2\repository\org\apache\httpcomponents\httpcore\4.4.13\httpcore-4.4.13.jar;C:\Users\GOPIKISHORE\.m2\repository\commons-logging\commons-logging\1.2\commons-logging-1.2.jar;C:\Users\GOPIKISHORE\.m2\repository\org\apache\httpcomponents\httpmime\4.5.13\httpmime-4.5.13.jar;C:\Users\GOPIKISHORE\.m2\repository\org\hamcrest\hamcrest\2.1\hamcrest-2.1.jar;C:\Users\GOPIKISHORE\.m2\repository\org\ccil\cowan\tagsoup\tagsoup\1.2.1\tagsoup-1.2.1.jar;C:\Users\GOPIKISHORE\.m2\repository\io\rest-assured\json-path\5.3.0\json-path-5.3.0.jar;C:\Users\GOPIKISHORE\.m2\repository\org\apache\groovy\groovy-json\4.0.6\groovy-json-4.0.6.jar;C:\Users\GOPIKISHORE\.m2\repository\io\rest-assured\rest-assured-common\5.3.0\rest-assured-common-5.3.0.jar;C:\Users\GOPIKISHORE\.m2\repository\io\rest-assured\xml-path\5.3.0\xml-path-5.3.0.jar;C:\Users\GOPIKISHORE\.m2\repository\com\github\scribejava\scribejava-apis\8.3.1\scribejava-apis-8.3.1.jar;C:\Users\GOPIKISHORE\.m2\repository\com\github\scribejava\scribejava-core\8.3.1\scribejava-core-8.3.1.jar;C:\Users\GOPIKISHORE\.m2\repository\com\github\scribejava\scribejava-java8\8.3.1\scribejava-java8-8.3.1.jar;C:\Users\GOPIKISHORE\.m2\repository\com\fasterxml\jackson\core\jackson-databind\2.12.3\jackson-databind-2.12.3.jar;C:\Users\GOPIKISHORE\.m2\repository\com\fasterxml\jackson\core\jackson-annotations\2.12.3\jackson-annotations-2.12.3.jar;C:\Users\GOPIKISHORE\.m2\repository\com\fasterxml\jackson\core\jackson-core\2.12.3\jackson-core-2.12.3.jar;C:\Users\GOPIKISHORE\.m2\repository\com\github\fge\json-schema-validator\2.2.6\json-schema-validator-2.2.6.jar;C:\Users\GOPIKISHORE\.m2\repository\com\google\code\findbugs\jsr305\3.0.0\jsr305-3.0.0.jar;C:\Users\GOPIKISHORE\.m2\repository\joda-time\joda-time\2.3\joda-time-2.3.jar;C:\Users\GOPIKISHORE\.m2\repository\com\googlecode\libphonenumber\libphonenumber\6.2\libphonenumber-6.2.jar;C:\Users\GOPIKISHORE\.m2\repository\com\github\fge\json-schema-core\1.2.5\json-schema-core-1.2.5.jar;C:\Users\GOPIKISHORE\.m2\repository\com\github\fge\uri-template\0.9\uri-template-0.9.jar;C:\Users\GOPIKISHORE\.m2\repository\com\github\fge\msg-simple\1.1\msg-simple-1.1.jar;C:\Users\GOPIKISHORE\.m2\repository\com\github\fge\btf\1.2\btf-1.2.jar;C:\Users\GOPIKISHORE\.m2\repository\com\google\guava\guava\16.0.1\guava-16.0.1.jar;C:\Users\GOPIKISHORE\.m2\repository\com\github\fge\jackson-coreutils\1.8\jackson-coreutils-1.8.jar;C:\Users\GOPIKISHORE\.m2\repository\org\mozilla\rhino\1.7R4\rhino-1.7R4.jar;C:\Users\GOPIKISHORE\.m2\repository\javax\mail\mailapi\1.4.3\mailapi-1.4.3.jar;C:\Users\GOPIKISHORE\.m2\repository\javax\activation\activation\1.1\activation-1.1.jar;C:\Users\GOPIKISHORE\.m2\repository\net\sf\jopt-simple\jopt-simple\4.6\jopt-simple-4.6.jar;C:\Users\GOPIKISHORE\.m2\repository\org\apache\logging\log4j\log4j-core\2.17.2\log4j-core-2.17.2.jar;C:\Users\GOPIKISHORE\.m2\repository\org\apache\logging\log4j\log4j-api\2.17.2\log4j-api-2.17.2.jar;C:\Users\GOPIKISHORE\.m2\repository\com\aventstack\extentreports\5.0.9\extentreports-5.0.9.jar;C:\Users\GOPIKISHORE\.m2\repository\io\reactivex\rxjava3\rxjava\3.0.4\rxjava-3.0.4.jar;C:\Users\GOPIKISHORE\.m2\repository\org\reactivestreams\reactive-streams\1.0.3\reactive-streams-1.0.3.jar;C:\Users\GOPIKISHORE\.m2\repository\org\freemarker\freemarker\2.3.30\freemarker-2.3.30.jar;C:\Users\GOPIKISHORE\.m2\repository\org\projectlombok\lombok\1.18.12\lombok-1.18.12.jar;C:\Users\GOPIKISHORE\.m2\repository\com\google\code\gson\gson\2.8.6\gson-2.8.6.jar;C:\Users\GOPIKISHORE\.m2\repository\org\apache\poi\poi\5.2.3\poi-5.2.3.jar;C:\Users\GOPIKISHORE\.m2\repository\commons-codec\commons-codec\1.15\commons-codec-1.15.jar;C:\Users\GOPIKISHORE\.m2\repository\org\apache\commons\commons-collections4\4.4\commons-collections4-4.4.jar;C:\Users\GOPIKISHORE\.m2\repository\org\apache\commons\commons-math3\3.6.1\commons-math3-3.6.1.jar;C:\Users\GOPIKISHORE\.m2\repository\commons-io\commons-io\2.11.0\commons-io-2.11.0.jar;C:\Users\GOPIKISHORE\.m2\repository\com\zaxxer\SparseBitSet\1.2\SparseBitSet-1.2.jar;C:\Users\GOPIKISHORE\.m2\repository\org\apache\poi\poi-ooxml\5.2.3\poi-ooxml-5.2.3.jar;C:\Users\GOPIKISHORE\.m2\repository\org\apache\poi\poi-ooxml-lite\5.2.3\poi-ooxml-lite-5.2.3.jar;C:\Users\GOPIKISHORE\.m2\repository\org\apache\xmlbeans\xmlbeans\5.1.1\xmlbeans-5.1.1.jar;C:\Users\GOPIKISHORE\.m2\repository\org\apache\commons\commons-compress\1.21\commons-compress-1.21.jar;C:\Users\GOPIKISHORE\.m2\repository\com\github\virtuald\curvesapi\1.07\curvesapi-1.07.jar;C:\Users\GOPIKISHORE\.m2\repository\com\github\javafaker\javafaker\1.0.2\javafaker-1.0.2.jar;C:\Users\GOPIKISHORE\.m2\repository\org\apache\commons\commons-lang3\3.5\commons-lang3-3.5.jar;C:\Users\GOPIKISHORE\.m2\repository\org\yaml\snakeyaml\1.23\snakeyaml-1.23-android.jar;C:\Users\GOPIKISHORE\.m2\repository\com\github\mifmif\generex\1.0.2\generex-1.0.2.jar;C:\Users\GOPIKISHORE\.m2\repository\dk\brics\automaton\automaton\1.11-8\automaton-1.11-8.jar;"/>
    <property name="sun.cpu.endian" value="little"/>
    <property name="user.home" value="C:\Users\GOPIKISHORE"/>
    <property name="user.language" value="en"/>
    <property name="java.specification.vendor" value="Oracle Corporation"/>
    <property name="java.version.date" value="2023-04-18"/>
    <property name="java.home" value="C:\Program Files\Java\jdk-11.0.19_windows-x64_bin\jdk-11.0.19"/>
    <property name="file.separator" value="\"/>
    <property name="basedir" value="C:\Users\GOPIKISHORE\Desktop\project\work\RestAssuredAPITesting"/>
    <property name="java.vm.compressedOopsMode" value="32-bit"/>
    <property name="line.separator" value="&#10;"/>
    <property name="java.specification.name" value="Java Platform API Specification"/>
    <property name="java.vm.specification.vendor" value="Oracle Corporation"/>
    <property name="java.awt.graphicsenv" value="sun.awt.Win32GraphicsEnvironment"/>
    <property name="surefire.real.class.path" value="C:\Users\GOPIKISHORE\AppData\Local\Temp\surefire7090661725432035526\surefirebooter2612066660585934813.jar"/>
    <property name="user.script" value=""/>
    <property name="sun.management.compiler" value="HotSpot 64-Bit Tiered Compilers"/>
    <property name="java.runtime.version" value="11.0.19+9-LTS-224"/>
    <property name="user.name" value="GOPIKISHORE"/>
    <property name="path.separator" value=";"/>
    <property name="os.version" value="10.0"/>
    <property name="java.runtime.name" value="Java(TM) SE Runtime Environment"/>
    <property name="file.encoding" value="Cp1252"/>
    <property name="java.vm.name" value="Java HotSpot(TM) 64-Bit Server VM"/>
    <property name="java.vendor.version" value="18.9"/>
    <property name="localRepository" value="C:\Users\GOPIKISHORE\.m2\repository"/>
    <property name="java.vendor.url.bug" value="https://bugreport.java.com/bugreport/"/>
    <property name="java.io.tmpdir" value="C:\Users\GOPIKI~1\AppData\Local\Temp\"/>
    <property name="java.version" value="11.0.19"/>
    <property name="user.dir" value="C:\Users\GOPIKISHORE\Desktop\project\work\RestAssuredAPITesting"/>
    <property name="os.arch" value="amd64"/>
    <property name="java.vm.specification.name" value="Java Virtual Machine Specification"/>
    <property name="java.awt.printerjob" value="sun.awt.windows.WPrinterJob"/>
    <property name="sun.os.patch.level" value=""/>
    <property name="java.library.path" value="C:\Program Files\Java\jdk-11.0.19_windows-x64_bin\jdk-11.0.19\bin;C:\WINDOWS\Sun\Java\bin;C:\WINDOWS\system32;C:\WINDOWS;&quot;C:\Program Files\Common Files\Oracle\Java\javapath;C:\SELENIUM&quot;;C:\oracle\product\10.2.0\db_1\bin;C:\WINDOWS\system32;C:\WINDOWS;C:\WINDOWS\System32\Wbem;C:\WINDOWS\System32\WindowsPowerShell\v1.0\;C:\WINDOWS\System32\OpenSSH\;C:\Program Files\Intel\WiFi\bin\;C:\Program Files\Common Files\Intel\WirelessCommon\;C:\Program Files\Git\cmd;C:\Program Files\Maven\apache-maven-3.9.4-bin\apache-maven-3.9.4\bin;C:\Program Files\Maven\apache-maven-3.9.4-bin\apache-maven-3.9.4\bin;C:\Program Files\Maven\apache-maven-3.9.4-bin\apache-maven-3.9.4\bin;C:\Program Files\Java\jdk-11.0.19_windows-x64_bin\jdk-11.0.19\bin;C:\Users\GOPIKISHORE\AppData\Local\Microsoft\WindowsApps;C:\Users\GOPIKISHORE\AppData\Local\Programs\Microsoft VS Code\bin;."/>
    <property name="java.vendor" value="Oracle Corporation"/>
    <property name="java.vm.info" value="mixed mode"/>
    <property name="java.vm.version" value="11.0.19+9-LTS-224"/>
    <property name="sun.io.unicode.encoding" value="UnicodeLittle"/>
    <property name="java.class.version" value="55.0"/>
  </properties>
  <testcase name="testCreateUser" classname="api.testcases.UserTest" time="11.919">
    <system-out><![CDATA[On Start method invoked....
Name of test method started:testCreateUser
HTTP/1.1 200 OK
Date: Sun, 05 Nov 2023 05:06:19 GMT
Content-Type: application/json
Transfer-Encoding: chunked
Connection: keep-alive
Access-Control-Allow-Origin: *
Access-Control-Allow-Methods: GET, POST, DELETE, PUT
Access-Control-Allow-Headers: Content-Type, api_key, Authorization
Server: Jetty(9.2.9.v20150224)

{
    "code": 200,
    "type": "unknown",
    "message": "1896074070"
}
Name of test method sucessfully executed:testCreateUser
]]></system-out>
    <system-err><![CDATA[SLF4J: Failed to load class "org.slf4j.impl.StaticLoggerBinder".
SLF4J: Defaulting to no-operation (NOP) logger implementation
SLF4J: See http://www.slf4j.org/codes.html#StaticLoggerBinder for further details.
]]></system-err>
  </testcase>
  <testcase name="testGetUser" classname="api.testcases.UserTest" time="1.368">
    <system-out><![CDATA[Name of test method started:testGetUser
HTTP/1.1 200 OK
Date: Sun, 05 Nov 2023 05:06:20 GMT
Content-Type: application/json
Transfer-Encoding: chunked
Connection: keep-alive
Access-Control-Allow-Origin: *
Access-Control-Allow-Methods: GET, POST, DELETE, PUT
Access-Control-Allow-Headers: Content-Type, api_key, Authorization
Server: Jetty(9.2.9.v20150224)

{
    "id": 1896074070,
    "username": "harley.bode",
    "firstName": "Lupe",
    "lastName": "Batz",
    "email": "belle.bahringer@example.com",
    "password": "0eg1b",
    "phone": "(469) 216-6191",
    "userStatus": 0
}
Name of test method sucessfully executed:testGetUser
]]></system-out>
  </testcase>
  <testcase name="testUpdateUser" classname="api.testcases.UserTest" time="1.138">
    <system-out><![CDATA[Name of test method started:testUpdateUser
HTTP/1.1 200 OK
Date: Sun, 05 Nov 2023 05:06:21 GMT
Content-Type: application/json
Transfer-Encoding: chunked
Connection: keep-alive
Access-Control-Allow-Origin: *
Access-Control-Allow-Methods: GET, POST, DELETE, PUT
Access-Control-Allow-Headers: Content-Type, api_key, Authorization
Server: Jetty(9.2.9.v20150224)

{
    "code": 200,
    "type": "unknown",
    "message": "1896074070"
}
Name of test method sucessfully executed:testUpdateUser
]]></system-out>
  </testcase>
  <testcase name="testDeleteUser" classname="api.testcases.UserTest" time="1.146">
    <system-out><![CDATA[Name of test method started:testDeleteUser
HTTP/1.1 200 OK
Date: Sun, 05 Nov 2023 05:06:23 GMT
Content-Type: application/json
Transfer-Encoding: chunked
Connection: keep-alive
Access-Control-Allow-Origin: *
Access-Control-Allow-Methods: GET, POST, DELETE, PUT
Access-Control-Allow-Headers: Content-Type, api_key, Authorization
Server: Jetty(9.2.9.v20150224)

{
    "code": 200,
    "type": "unknown",
    "message": "harley.bode"
}
Name of test method sucessfully executed:testDeleteUser
]]></system-out>
  </testcase>
  <testcase name="testCreateUser[, user1, vikram, singh, a@gmail.com, 12345@1, ](1)" classname="api.testcases.UserTestDD" time="1.195">
    <system-out><![CDATA[[DEBUG] 2023-11-05 10:36:24.095 [main] PackageRelationshipCollection - Parsing relationship: /xl/_rels/workbook.xml.rels
[DEBUG] 2023-11-05 10:36:24.106 [main] PackageRelationshipCollection - Parsing relationship: /xl/worksheets/_rels/sheet1.xml.rels
[DEBUG] 2023-11-05 10:36:24.110 [main] PackageRelationshipCollection - Parsing relationship: /_rels/.rels
[DEBUG] 2023-11-05 10:36:25.424 [main] PackageRelationshipCollection - Parsing relationship: /xl/_rels/workbook.xml.rels
[DEBUG] 2023-11-05 10:36:25.429 [main] PackageRelationshipCollection - Parsing relationship: /xl/worksheets/_rels/sheet1.xml.rels
[DEBUG] 2023-11-05 10:36:25.445 [main] PackageRelationshipCollection - Parsing relationship: /_rels/.rels
[DEBUG] 2023-11-05 10:36:25.597 [main] PackageRelationshipCollection - Parsing relationship: /xl/_rels/workbook.xml.rels
[DEBUG] 2023-11-05 10:36:25.605 [main] PackageRelationshipCollection - Parsing relationship: /xl/worksheets/_rels/sheet1.xml.rels
[DEBUG] 2023-11-05 10:36:25.613 [main] PackageRelationshipCollection - Parsing relationship: /_rels/.rels
[DEBUG] 2023-11-05 10:36:25.802 [main] PackageRelationshipCollection - Parsing relationship: /xl/_rels/workbook.xml.rels
[DEBUG] 2023-11-05 10:36:25.806 [main] PackageRelationshipCollection - Parsing relationship: /xl/worksheets/_rels/sheet1.xml.rels
[DEBUG] 2023-11-05 10:36:25.821 [main] PackageRelationshipCollection - Parsing relationship: /_rels/.rels
[DEBUG] 2023-11-05 10:36:25.906 [main] PackageRelationshipCollection - Parsing relationship: /xl/_rels/workbook.xml.rels
[DEBUG] 2023-11-05 10:36:25.909 [main] PackageRelationshipCollection - Parsing relationship: /xl/worksheets/_rels/sheet1.xml.rels
[DEBUG] 2023-11-05 10:36:25.927 [main] PackageRelationshipCollection - Parsing relationship: /_rels/.rels
[DEBUG] 2023-11-05 10:36:26.030 [main] PackageRelationshipCollection - Parsing relationship: /xl/_rels/workbook.xml.rels
[DEBUG] 2023-11-05 10:36:26.054 [main] PackageRelationshipCollection - Parsing relationship: /xl/worksheets/_rels/sheet1.xml.rels
[DEBUG] 2023-11-05 10:36:26.065 [main] PackageRelationshipCollection - Parsing relationship: /_rels/.rels
[DEBUG] 2023-11-05 10:36:26.215 [main] PackageRelationshipCollection - Parsing relationship: /xl/_rels/workbook.xml.rels
[DEBUG] 2023-11-05 10:36:26.233 [main] PackageRelationshipCollection - Parsing relationship: /xl/worksheets/_rels/sheet1.xml.rels
[DEBUG] 2023-11-05 10:36:26.238 [main] PackageRelationshipCollection - Parsing relationship: /_rels/.rels
[DEBUG] 2023-11-05 10:36:26.326 [main] PackageRelationshipCollection - Parsing relationship: /xl/_rels/workbook.xml.rels
[DEBUG] 2023-11-05 10:36:26.331 [main] PackageRelationshipCollection - Parsing relationship: /xl/worksheets/_rels/sheet1.xml.rels
[DEBUG] 2023-11-05 10:36:26.333 [main] PackageRelationshipCollection - Parsing relationship: /_rels/.rels
[DEBUG] 2023-11-05 10:36:26.419 [main] PackageRelationshipCollection - Parsing relationship: /xl/_rels/workbook.xml.rels
[DEBUG] 2023-11-05 10:36:26.420 [main] PackageRelationshipCollection - Parsing relationship: /xl/worksheets/_rels/sheet1.xml.rels
[DEBUG] 2023-11-05 10:36:26.423 [main] PackageRelationshipCollection - Parsing relationship: /_rels/.rels
[DEBUG] 2023-11-05 10:36:26.560 [main] PackageRelationshipCollection - Parsing relationship: /xl/_rels/workbook.xml.rels
[DEBUG] 2023-11-05 10:36:26.562 [main] PackageRelationshipCollection - Parsing relationship: /xl/worksheets/_rels/sheet1.xml.rels
[DEBUG] 2023-11-05 10:36:26.564 [main] PackageRelationshipCollection - Parsing relationship: /_rels/.rels
[DEBUG] 2023-11-05 10:36:26.697 [main] PackageRelationshipCollection - Parsing relationship: /xl/_rels/workbook.xml.rels
[DEBUG] 2023-11-05 10:36:26.700 [main] PackageRelationshipCollection - Parsing relationship: /xl/worksheets/_rels/sheet1.xml.rels
[DEBUG] 2023-11-05 10:36:26.701 [main] PackageRelationshipCollection - Parsing relationship: /_rels/.rels
[DEBUG] 2023-11-05 10:36:26.809 [main] PackageRelationshipCollection - Parsing relationship: /xl/_rels/workbook.xml.rels
[DEBUG] 2023-11-05 10:36:26.810 [main] PackageRelationshipCollection - Parsing relationship: /xl/worksheets/_rels/sheet1.xml.rels
[DEBUG] 2023-11-05 10:36:26.814 [main] PackageRelationshipCollection - Parsing relationship: /_rels/.rels
[DEBUG] 2023-11-05 10:36:26.904 [main] PackageRelationshipCollection - Parsing relationship: /xl/_rels/workbook.xml.rels
[DEBUG] 2023-11-05 10:36:26.906 [main] PackageRelationshipCollection - Parsing relationship: /xl/worksheets/_rels/sheet1.xml.rels
[DEBUG] 2023-11-05 10:36:26.908 [main] PackageRelationshipCollection - Parsing relationship: /_rels/.rels
[DEBUG] 2023-11-05 10:36:26.988 [main] PackageRelationshipCollection - Parsing relationship: /xl/_rels/workbook.xml.rels
[DEBUG] 2023-11-05 10:36:26.992 [main] PackageRelationshipCollection - Parsing relationship: /xl/worksheets/_rels/sheet1.xml.rels
[DEBUG] 2023-11-05 10:36:26.995 [main] PackageRelationshipCollection - Parsing relationship: /_rels/.rels
[DEBUG] 2023-11-05 10:36:27.083 [main] PackageRelationshipCollection - Parsing relationship: /xl/_rels/workbook.xml.rels
[DEBUG] 2023-11-05 10:36:27.086 [main] PackageRelationshipCollection - Parsing relationship: /xl/worksheets/_rels/sheet1.xml.rels
[DEBUG] 2023-11-05 10:36:27.088 [main] PackageRelationshipCollection - Parsing relationship: /_rels/.rels
[DEBUG] 2023-11-05 10:36:27.188 [main] PackageRelationshipCollection - Parsing relationship: /xl/_rels/workbook.xml.rels
[DEBUG] 2023-11-05 10:36:27.192 [main] PackageRelationshipCollection - Parsing relationship: /xl/worksheets/_rels/sheet1.xml.rels
[DEBUG] 2023-11-05 10:36:27.194 [main] PackageRelationshipCollection - Parsing relationship: /_rels/.rels
[DEBUG] 2023-11-05 10:36:27.287 [main] PackageRelationshipCollection - Parsing relationship: /xl/_rels/workbook.xml.rels
[DEBUG] 2023-11-05 10:36:27.288 [main] PackageRelationshipCollection - Parsing relationship: /xl/worksheets/_rels/sheet1.xml.rels
[DEBUG] 2023-11-05 10:36:27.290 [main] PackageRelationshipCollection - Parsing relationship: /_rels/.rels
[DEBUG] 2023-11-05 10:36:27.368 [main] PackageRelationshipCollection - Parsing relationship: /xl/_rels/workbook.xml.rels
[DEBUG] 2023-11-05 10:36:27.370 [main] PackageRelationshipCollection - Parsing relationship: /xl/worksheets/_rels/sheet1.xml.rels
[DEBUG] 2023-11-05 10:36:27.371 [main] PackageRelationshipCollection - Parsing relationship: /_rels/.rels
[DEBUG] 2023-11-05 10:36:27.431 [main] PackageRelationshipCollection - Parsing relationship: /xl/_rels/workbook.xml.rels
[DEBUG] 2023-11-05 10:36:27.432 [main] PackageRelationshipCollection - Parsing relationship: /xl/worksheets/_rels/sheet1.xml.rels
[DEBUG] 2023-11-05 10:36:27.434 [main] PackageRelationshipCollection - Parsing relationship: /_rels/.rels
[DEBUG] 2023-11-05 10:36:27.488 [main] PackageRelationshipCollection - Parsing relationship: /xl/_rels/workbook.xml.rels
[DEBUG] 2023-11-05 10:36:27.489 [main] PackageRelationshipCollection - Parsing relationship: /xl/worksheets/_rels/sheet1.xml.rels
[DEBUG] 2023-11-05 10:36:27.493 [main] PackageRelationshipCollection - Parsing relationship: /_rels/.rels
[DEBUG] 2023-11-05 10:36:27.559 [main] PackageRelationshipCollection - Parsing relationship: /xl/_rels/workbook.xml.rels
[DEBUG] 2023-11-05 10:36:27.561 [main] PackageRelationshipCollection - Parsing relationship: /xl/worksheets/_rels/sheet1.xml.rels
[DEBUG] 2023-11-05 10:36:27.567 [main] PackageRelationshipCollection - Parsing relationship: /_rels/.rels
[DEBUG] 2023-11-05 10:36:27.631 [main] PackageRelationshipCollection - Parsing relationship: /xl/_rels/workbook.xml.rels
[DEBUG] 2023-11-05 10:36:27.633 [main] PackageRelationshipCollection - Parsing relationship: /xl/worksheets/_rels/sheet1.xml.rels
[DEBUG] 2023-11-05 10:36:27.634 [main] PackageRelationshipCollection - Parsing relationship: /_rels/.rels
[DEBUG] 2023-11-05 10:36:27.696 [main] PackageRelationshipCollection - Parsing relationship: /xl/_rels/workbook.xml.rels
[DEBUG] 2023-11-05 10:36:27.698 [main] PackageRelationshipCollection - Parsing relationship: /xl/worksheets/_rels/sheet1.xml.rels
[DEBUG] 2023-11-05 10:36:27.700 [main] PackageRelationshipCollection - Parsing relationship: /_rels/.rels
Name of test method started:testCreateUser
created users are:
HTTP/1.1 200 OK
Date: Sun, 05 Nov 2023 05:06:30 GMT
Content-Type: application/json
Transfer-Encoding: chunked
Connection: keep-alive
Access-Control-Allow-Origin: *
Access-Control-Allow-Methods: GET, POST, DELETE, PUT
Access-Control-Allow-Headers: Content-Type, api_key, Authorization
Server: Jetty(9.2.9.v20150224)

{
    "code": 200,
    "type": "unknown",
    "message": "9223372036854742787"
}
Name of test method sucessfully executed:testCreateUser
]]></system-out>
  </testcase>
  <testcase name="testCreateUser[, user2, Rohith, yadav, b@gmail.com, 12345@2, ](2)" classname="api.testcases.UserTestDD" time="1.136">
    <system-out><![CDATA[Name of test method started:testCreateUser
created users are:
HTTP/1.1 200 OK
Date: Sun, 05 Nov 2023 05:06:31 GMT
Content-Type: application/json
Transfer-Encoding: chunked
Connection: keep-alive
Access-Control-Allow-Origin: *
Access-Control-Allow-Methods: GET, POST, DELETE, PUT
Access-Control-Allow-Headers: Content-Type, api_key, Authorization
Server: Jetty(9.2.9.v20150224)

{
    "code": 200,
    "type": "unknown",
    "message": "9223372036854742788"
}
Name of test method sucessfully executed:testCreateUser
]]></system-out>
  </testcase>
  <testcase name="testCreateUser[, user3, Mohan, kumar, c@gmail.com, 12345@3, ](3)" classname="api.testcases.UserTestDD" time="1.537">
    <system-out><![CDATA[Name of test method started:testCreateUser
created users are:
HTTP/1.1 200 OK
Date: Sun, 05 Nov 2023 05:06:32 GMT
Content-Type: application/json
Transfer-Encoding: chunked
Connection: keep-alive
Access-Control-Allow-Origin: *
Access-Control-Allow-Methods: GET, POST, DELETE, PUT
Access-Control-Allow-Headers: Content-Type, api_key, Authorization
Server: Jetty(9.2.9.v20150224)

{
    "code": 200,
    "type": "unknown",
    "message": "9223372036854742789"
}
Name of test method sucessfully executed:testCreateUser
]]></system-out>
  </testcase>
  <testcase name="testGetUserData[user1](1)" classname="api.testcases.UserTestDD" time="1.099">
    <system-out><![CDATA[[DEBUG] 2023-11-05 10:36:31.449 [main] PackageRelationshipCollection - Parsing relationship: /xl/_rels/workbook.xml.rels
[DEBUG] 2023-11-05 10:36:31.450 [main] PackageRelationshipCollection - Parsing relationship: /xl/worksheets/_rels/sheet1.xml.rels
[DEBUG] 2023-11-05 10:36:31.452 [main] PackageRelationshipCollection - Parsing relationship: /_rels/.rels
[DEBUG] 2023-11-05 10:36:31.499 [main] PackageRelationshipCollection - Parsing relationship: /xl/_rels/workbook.xml.rels
[DEBUG] 2023-11-05 10:36:31.502 [main] PackageRelationshipCollection - Parsing relationship: /xl/worksheets/_rels/sheet1.xml.rels
[DEBUG] 2023-11-05 10:36:31.504 [main] PackageRelationshipCollection - Parsing relationship: /_rels/.rels
[DEBUG] 2023-11-05 10:36:31.564 [main] PackageRelationshipCollection - Parsing relationship: /xl/_rels/workbook.xml.rels
[DEBUG] 2023-11-05 10:36:31.567 [main] PackageRelationshipCollection - Parsing relationship: /xl/worksheets/_rels/sheet1.xml.rels
[DEBUG] 2023-11-05 10:36:31.593 [main] PackageRelationshipCollection - Parsing relationship: /_rels/.rels
[DEBUG] 2023-11-05 10:36:31.679 [main] PackageRelationshipCollection - Parsing relationship: /xl/_rels/workbook.xml.rels
[DEBUG] 2023-11-05 10:36:31.682 [main] PackageRelationshipCollection - Parsing relationship: /xl/worksheets/_rels/sheet1.xml.rels
[DEBUG] 2023-11-05 10:36:31.683 [main] PackageRelationshipCollection - Parsing relationship: /_rels/.rels
Name of test method started:testGetUserData
HTTP/1.1 200 OK
Date: Sun, 05 Nov 2023 05:06:33 GMT
Content-Type: application/json
Transfer-Encoding: chunked
Connection: keep-alive
Access-Control-Allow-Origin: *
Access-Control-Allow-Methods: GET, POST, DELETE, PUT
Access-Control-Allow-Headers: Content-Type, api_key, Authorization
Server: Jetty(9.2.9.v20150224)

{
    "id": 9223372036854742787,
    "username": "user1",
    "firstName": "vikram",
    "lastName": "singh",
    "email": "singh",
    "password": "a@gmail.com",
    "phone": "",
    "userStatus": 0
}
Name of test method sucessfully executed:testGetUserData
]]></system-out>
  </testcase>
  <testcase name="testGetUserData[user2](2)" classname="api.testcases.UserTestDD" time="1.129">
    <system-out><![CDATA[Name of test method started:testGetUserData
HTTP/1.1 200 OK
Date: Sun, 05 Nov 2023 05:06:35 GMT
Content-Type: application/json
Transfer-Encoding: chunked
Connection: keep-alive
Access-Control-Allow-Origin: *
Access-Control-Allow-Methods: GET, POST, DELETE, PUT
Access-Control-Allow-Headers: Content-Type, api_key, Authorization
Server: Jetty(9.2.9.v20150224)

{
    "id": 9223372036854742774,
    "username": "user2",
    "firstName": "Rohith",
    "lastName": "yadav",
    "email": "yadav",
    "password": "b@gmail.com",
    "phone": "",
    "userStatus": 0
}
Name of test method sucessfully executed:testGetUserData
]]></system-out>
  </testcase>
  <testcase name="testGetUserData[user3](3)" classname="api.testcases.UserTestDD" time="1.33">
    <system-out><![CDATA[Name of test method started:testGetUserData
HTTP/1.1 200 OK
Date: Sun, 05 Nov 2023 05:06:36 GMT
Content-Type: application/json
Transfer-Encoding: chunked
Connection: keep-alive
Access-Control-Allow-Origin: *
Access-Control-Allow-Methods: GET, POST, DELETE, PUT
Access-Control-Allow-Headers: Content-Type, api_key, Authorization
Server: Jetty(9.2.9.v20150224)

{
    "id": 9223372036854742789,
    "username": "user3",
    "firstName": "Mohan",
    "lastName": "kumar",
    "email": "kumar",
    "password": "c@gmail.com",
    "phone": "",
    "userStatus": 0
}
Name of test method sucessfully executed:testGetUserData
]]></system-out>
  </testcase>
  <testcase name="testDeleteUser[user1](1)" classname="api.testcases.UserTestDD" time="1.127">
    <system-out><![CDATA[[DEBUG] 2023-11-05 10:36:35.196 [main] PackageRelationshipCollection - Parsing relationship: /xl/_rels/workbook.xml.rels
[DEBUG] 2023-11-05 10:36:35.198 [main] PackageRelationshipCollection - Parsing relationship: /xl/worksheets/_rels/sheet1.xml.rels
[DEBUG] 2023-11-05 10:36:35.200 [main] PackageRelationshipCollection - Parsing relationship: /_rels/.rels
[DEBUG] 2023-11-05 10:36:35.244 [main] PackageRelationshipCollection - Parsing relationship: /xl/_rels/workbook.xml.rels
[DEBUG] 2023-11-05 10:36:35.248 [main] PackageRelationshipCollection - Parsing relationship: /xl/worksheets/_rels/sheet1.xml.rels
[DEBUG] 2023-11-05 10:36:35.249 [main] PackageRelationshipCollection - Parsing relationship: /_rels/.rels
[DEBUG] 2023-11-05 10:36:35.286 [main] PackageRelationshipCollection - Parsing relationship: /xl/_rels/workbook.xml.rels
[DEBUG] 2023-11-05 10:36:35.288 [main] PackageRelationshipCollection - Parsing relationship: /xl/worksheets/_rels/sheet1.xml.rels
[DEBUG] 2023-11-05 10:36:35.290 [main] PackageRelationshipCollection - Parsing relationship: /_rels/.rels
[DEBUG] 2023-11-05 10:36:35.326 [main] PackageRelationshipCollection - Parsing relationship: /xl/_rels/workbook.xml.rels
[DEBUG] 2023-11-05 10:36:35.329 [main] PackageRelationshipCollection - Parsing relationship: /xl/worksheets/_rels/sheet1.xml.rels
[DEBUG] 2023-11-05 10:36:35.330 [main] PackageRelationshipCollection - Parsing relationship: /_rels/.rels
Name of test method started:testDeleteUser
Delete User Data.
HTTP/1.1 200 OK
Date: Sun, 05 Nov 2023 05:06:37 GMT
Content-Type: application/json
Transfer-Encoding: chunked
Connection: keep-alive
Access-Control-Allow-Origin: *
Access-Control-Allow-Methods: GET, POST, DELETE, PUT
Access-Control-Allow-Headers: Content-Type, api_key, Authorization
Server: Jetty(9.2.9.v20150224)

{
    "code": 200,
    "type": "unknown",
    "message": "user1"
}
Name of test method sucessfully executed:testDeleteUser
]]></system-out>
  </testcase>
  <testcase name="testDeleteUser[user2](2)" classname="api.testcases.UserTestDD" time="1.162">
    <system-out><![CDATA[Name of test method started:testDeleteUser
Delete User Data.
HTTP/1.1 200 OK
Date: Sun, 05 Nov 2023 05:06:38 GMT
Content-Type: application/json
Transfer-Encoding: chunked
Connection: keep-alive
Access-Control-Allow-Origin: *
Access-Control-Allow-Methods: GET, POST, DELETE, PUT
Access-Control-Allow-Headers: Content-Type, api_key, Authorization
Server: Jetty(9.2.9.v20150224)

{
    "code": 200,
    "type": "unknown",
    "message": "user2"
}
Name of test method sucessfully executed:testDeleteUser
]]></system-out>
  </testcase>
  <testcase name="testDeleteUser[user3](3)" classname="api.testcases.UserTestDD" time="1.186">
    <system-out><![CDATA[Name of test method started:testDeleteUser
Delete User Data.
HTTP/1.1 200 OK
Date: Sun, 05 Nov 2023 05:06:39 GMT
Content-Type: application/json
Transfer-Encoding: chunked
Connection: keep-alive
Access-Control-Allow-Origin: *
Access-Control-Allow-Methods: GET, POST, DELETE, PUT
Access-Control-Allow-Headers: Content-Type, api_key, Authorization
Server: Jetty(9.2.9.v20150224)

{
    "code": 200,
    "type": "unknown",
    "message": "user3"
}
Name of test method sucessfully executed:testDeleteUser
]]></system-out>
  </testcase>
</testsuite>