<?xml version="1.0" encoding="UTF-8"?>
<!-- Generated by org.testng.reporters.JUnitReportReporter -->
<testsuite hostname="DESKTOP-E60Q4HE" failures="0" tests="9" name="api.testcases.UserTestDD" time="15.291" errors="0" timestamp="2023-11-04T20:06:49 IST" skipped="0">
  <testcase classname="api.testcases.UserTestDD" name="testCreateUser" time="1.613"/>
  <testcase classname="api.testcases.UserTestDD" name="testCreateUser" time="1.536"/>
  <testcase classname="api.testcases.UserTestDD" name="testCreateUser" time="1.764"/>
  <testcase classname="api.testcases.UserTestDD" name="testGetUserData" time="1.834"/>
  <testcase classname="api.testcases.UserTestDD" name="testGetUserData" time="1.806"/>
  <testcase classname="api.testcases.UserTestDD" name="testGetUserData" time="1.370"/>
  <testcase classname="api.testcases.UserTestDD" name="testDeleteUser" time="1.841"/>
  <testcase classname="api.testcases.UserTestDD" name="testDeleteUser" time="1.842"/>
  <testcase classname="api.testcases.UserTestDD" name="testDeleteUser" time="1.685"/>
</testsuite> <!-- api.testcases.UserTestDD -->
