<?xml version="1.0" encoding="UTF-8"?>
<!-- Generated by org.testng.reporters.JUnitReportReporter -->
<testsuite hostname="DESKTOP-E60Q4HE" failures="0" tests="4" name="api.testcases.UserTest2" time="17.560" errors="0" timestamp="2023-11-04T22:04:38 IST" skipped="0">
  <testcase classname="api.testcases.UserTest2" name="testCreateUser" time="12.186"/>
  <testcase classname="api.testcases.UserTest2" name="testGetUserData" time="1.249"/>
  <testcase classname="api.testcases.UserTest2" name="testUpdateUser" time="2.780"/>
  <testcase classname="api.testcases.UserTest2" name="testDeleteUser" time="1.345"/>
</testsuite> <!-- api.testcases.UserTest2 -->
