<?xml version="1.0" encoding="UTF-8"?>
<!-- Generated by org.testng.reporters.JUnitReportReporter -->
<testsuite hostname="DESKTOP-E60Q4HE" failures="0" tests="4" name="api.testcases.UserTest" time="15.414" errors="0" timestamp="2023-11-04T20:06:49 IST" skipped="0">
  <testcase classname="api.testcases.UserTest" name="testCreateUser" time="9.327"/>
  <testcase classname="api.testcases.UserTest" name="testGetUser" time="2.202"/>
  <testcase classname="api.testcases.UserTest" name="testUpdateUser" time="2.037"/>
  <testcase classname="api.testcases.UserTest" name="testDeleteUser" time="1.848"/>
</testsuite> <!-- api.testcases.UserTest -->
