<?xml version="1.0" encoding="UTF-8"?>
<!-- Generated by org.testng.reporters.JUnitReportReporter -->
<testsuite hostname="DESKTOP-E60Q4HE" failures="0" tests="4" name="api.testcases.UserTest" time="15.473" errors="0" timestamp="2023-11-05T10:36:41 IST" skipped="0">
  <testcase classname="api.testcases.UserTest" name="testCreateUser" time="11.821"/>
  <testcase classname="api.testcases.UserTest" name="testGetUser" time="1.342"/>
  <testcase classname="api.testcases.UserTest" name="testUpdateUser" time="1.154"/>
  <testcase classname="api.testcases.UserTest" name="testDeleteUser" time="1.156"/>
</testsuite> <!-- api.testcases.UserTest -->
