<?xml version="1.0" encoding="UTF-8"?>
<!-- Generated by org.testng.reporters.JUnitReportReporter -->
<testsuite hostname="DESKTOP-E60Q4HE" failures="0" tests="9" name="api.testcases.UserTestDD" time="10.598" errors="0" timestamp="2023-11-05T10:36:41 IST" skipped="0">
  <testcase classname="api.testcases.UserTestDD" name="testCreateUser" time="1.281"/>
  <testcase classname="api.testcases.UserTestDD" name="testCreateUser" time="1.201"/>
  <testcase classname="api.testcases.UserTestDD" name="testCreateUser" time="1.178"/>
  <testcase classname="api.testcases.UserTestDD" name="testGetUserData" time="1.164"/>
  <testcase classname="api.testcases.UserTestDD" name="testGetUserData" time="1.172"/>
  <testcase classname="api.testcases.UserTestDD" name="testGetUserData" time="1.115"/>
  <testcase classname="api.testcases.UserTestDD" name="testDeleteUser" time="1.155"/>
  <testcase classname="api.testcases.UserTestDD" name="testDeleteUser" time="1.169"/>
  <testcase classname="api.testcases.UserTestDD" name="testDeleteUser" time="1.163"/>
</testsuite> <!-- api.testcases.UserTestDD -->
